[ Aug 28 2014 13:18:07 ] [220.181.108.147] eZMySQLiDB:
Query error (1054): Unknown column 'ezcontentobject_name.content_version' in 'on clause'. Query: SELECT DISTINCT ezcontentobject_tree.node_id, ezkeyword.keyword, a0.sort_key_int
                  FROM ezkeyword
                       INNER JOIN ezkeyword_attribute_link ON (ezkeyword_attribute_link.keyword_id = ezkeyword.id)
                       INNER JOIN ezcontentobject_attribute ON (ezcontentobject_attribute.id = ezkeyword_attribute_link.objectattribute_id)
                       INNER JOIN ezcontentobject ON (ezcontentobject_attribute.version = ezcontentobject.current_version AND ezcontentobject_attribute.contentobject_id = ezcontentobject.id)
                       INNER JOIN ezcontentobject_tree ON (ezcontentobject_tree.contentobject_id = ezcontentobject.id)
                       INNER JOIN ezcontentclass ON (ezcontentclass.id = ezcontentobject.contentclass_id)
                        INNER JOIN ezcontentobject_attribute a0 ON (
                                   a0.contentobject_id = ezcontentobject.id AND
                                   a0.contentclassattribute_id = 216 AND
                                   a0.version = ezcontentobject_name.content_version AND
 ( a0.language_id & ezcontentobject.language_mask > 0 AND
     ( (   ezcontentobject.language_mask - ( ezcontentobject.language_mask & a0.language_id ) ) & 1 )
   + ( ( ( ezcontentobject.language_mask - ( ezcontentobject.language_mask & a0.language_id ) ) & 2 ) )
   <
     ( a0.language_id & 1 )
   + ( ( a0.language_id & 2 ) )
 ) 
) INNER JOIN ezcontentobject_name ON (ezcontentobject_name.contentobject_id = ezcontentobject.id)
                       
                  WHERE
                  ezkeyword.keyword LIKE 'pygment%'
                  AND ezcontentobject_tree.is_invisible = 0
                   AND ((ezcontentobject.section_id in (1)) OR (ezcontentobject.contentclass_id in (29, 30, 32, 33, 34, 42) AND ezcontentobject.section_id in (3))) 
                  
                  
                  AND ezcontentobject_tree.parent_node_id = '235'
                  AND ezcontentclass.version = 0
                  AND ezcontentobject.status = 1
                  AND ezcontentobject_tree.main_node_id = ezcontentobject_tree.node_id
                  ORDER BY a0.sort_key_int DESC
LIMIT 0, 10
[ Aug 28 2014 13:18:42 ] [68.180.225.102] eZMySQLiDB:
Query error (2006): MySQL server has gone away. Query: SELECT id, section_id, owner_id, contentclass_id, name, published, modified,       current_version, status, remote_id, language_mask, initial_language_id
                    FROM   ezcontentobject WHERE  contentclass_id='15' ORDER BY id ASC
LIMIT 0, 1
[ Aug 28 2014 13:18:42 ] [68.180.225.102] eZMySQLiDB:
Query error (2006): MySQL server has gone away. Query: SELECT ezcontentobject.contentclass_id, ezcontentobject.current_version, ezcontentobject.id, ezcontentobject.initial_language_id, ezcontentobject.language_mask, ezcontentobject.modified, ezcontentobject.owner_id, ezcontentobject.published, ezcontentobject.remote_id AS object_remote_id, ezcontentobject.section_id, ezcontentobject.status, ezcontentobject_tree.contentobject_is_published, ezcontentobject_tree.contentobject_version, ezcontentobject_tree.depth, ezcontentobject_tree.is_hidden, ezcontentobject_tree.is_invisible, ezcontentobject_tree.main_node_id, ezcontentobject_tree.modified_subnode, ezcontentobject_tree.node_id, ezcontentobject_tree.parent_node_id, ezcontentobject_tree.path_identification_string, ezcontentobject_tree.path_string, ezcontentobject_tree.priority, ezcontentobject_tree.remote_id, ezcontentobject_tree.sort_field, ezcontentobject_tree.sort_order, ezcontentclass.serialized_name_list as class_serialized_name_list, ezcontentclass.identifier as class_identifier, ezcontentclass.is_container, ezcontentobject_name.name, ezcontentobject_name.real_translation FROM ezcontentobject_tree INNER JOIN ezcontentobject ON (ezcontentobject.id = ezcontentobject_tree.contentobject_id) INNER JOIN ezcontentclass ON (ezcontentclass.id = ezcontentobject.contentclass_id) INNER JOIN ezcontentobject_name ON (     ezcontentobject_name.contentobject_id = ezcontentobject_tree.contentobject_id AND     ezcontentobject_name.content_version = ezcontentobject_tree.contentobject_version ) WHERE node_id = 2 AND  ezcontentclass.version = 0  AND 
 ezcontentobject.language_mask & 3 > 0 
  AND 
 ( ezcontentobject_name.language_id & ezcontentobject.language_mask > 0 AND
     ( (   ezcontentobject.language_mask - ( ezcontentobject.language_mask & ezcontentobject_name.language_id ) ) & 1 )
   + ( ( ( ezcontentobject.language_mask - ( ezcontentobject.language_mask & ezcontentobject_name.language_id ) ) & 2 ) )
   <
     ( ezcontentobject_name.language_id & 1 )
   + ( ( ezcontentobject_name.language_id & 2 ) )
 )
[ Aug 28 2014 13:19:02 ] [68.180.225.102] eZMySQLiDB:
Query error (2006): MySQL server has gone away. Query: SELECT id, section_id, owner_id, contentclass_id, name, published, modified,       current_version, status, remote_id, language_mask, initial_language_id
                    FROM   ezcontentobject WHERE  contentclass_id='15' ORDER BY id ASC
LIMIT 0, 1
[ Aug 28 2014 13:19:02 ] [68.180.225.102] eZMySQLiDB:
Query error (2006): MySQL server has gone away. Query: SELECT ezcontentobject.contentclass_id, ezcontentobject.current_version, ezcontentobject.id, ezcontentobject.initial_language_id, ezcontentobject.language_mask, ezcontentobject.modified, ezcontentobject.owner_id, ezcontentobject.published, ezcontentobject.remote_id AS object_remote_id, ezcontentobject.section_id, ezcontentobject.status, ezcontentobject_tree.contentobject_is_published, ezcontentobject_tree.contentobject_version, ezcontentobject_tree.depth, ezcontentobject_tree.is_hidden, ezcontentobject_tree.is_invisible, ezcontentobject_tree.main_node_id, ezcontentobject_tree.modified_subnode, ezcontentobject_tree.node_id, ezcontentobject_tree.parent_node_id, ezcontentobject_tree.path_identification_string, ezcontentobject_tree.path_string, ezcontentobject_tree.priority, ezcontentobject_tree.remote_id, ezcontentobject_tree.sort_field, ezcontentobject_tree.sort_order, ezcontentclass.serialized_name_list as class_serialized_name_list, ezcontentclass.identifier as class_identifier, ezcontentclass.is_container, ezcontentobject_name.name, ezcontentobject_name.real_translation FROM ezcontentobject_tree INNER JOIN ezcontentobject ON (ezcontentobject.id = ezcontentobject_tree.contentobject_id) INNER JOIN ezcontentclass ON (ezcontentclass.id = ezcontentobject.contentclass_id) INNER JOIN ezcontentobject_name ON (     ezcontentobject_name.contentobject_id = ezcontentobject_tree.contentobject_id AND     ezcontentobject_name.content_version = ezcontentobject_tree.contentobject_version ) WHERE node_id = 2 AND  ezcontentclass.version = 0  AND 
 ezcontentobject.language_mask & 3 > 0 
  AND 
 ( ezcontentobject_name.language_id & ezcontentobject.language_mask > 0 AND
     ( (   ezcontentobject.language_mask - ( ezcontentobject.language_mask & ezcontentobject_name.language_id ) ) & 1 )
   + ( ( ( ezcontentobject.language_mask - ( ezcontentobject.language_mask & ezcontentobject_name.language_id ) ) & 2 ) )
   <
     ( ezcontentobject_name.language_id & 1 )
   + ( ( ezcontentobject_name.language_id & 2 ) )
 )
[ Aug 28 2014 13:19:34 ] [220.181.108.147] eZMySQLiDB:
Query error (2006): MySQL server has gone away. Query: SELECT id, section_id, owner_id, contentclass_id, name, published, modified,       current_version, status, remote_id, language_mask, initial_language_id
                    FROM   ezcontentobject WHERE  contentclass_id='15' ORDER BY id ASC
LIMIT 0, 1
[ Aug 28 2014 13:19:34 ] [220.181.108.147] eZMySQLiDB:
Query error (2006): MySQL server has gone away. Query: SELECT ezcontentobject.contentclass_id, ezcontentobject.current_version, ezcontentobject.id, ezcontentobject.initial_language_id, ezcontentobject.language_mask, ezcontentobject.modified, ezcontentobject.owner_id, ezcontentobject.published, ezcontentobject.remote_id AS object_remote_id, ezcontentobject.section_id, ezcontentobject.status, ezcontentobject_tree.contentobject_is_published, ezcontentobject_tree.contentobject_version, ezcontentobject_tree.depth, ezcontentobject_tree.is_hidden, ezcontentobject_tree.is_invisible, ezcontentobject_tree.main_node_id, ezcontentobject_tree.modified_subnode, ezcontentobject_tree.node_id, ezcontentobject_tree.parent_node_id, ezcontentobject_tree.path_identification_string, ezcontentobject_tree.path_string, ezcontentobject_tree.priority, ezcontentobject_tree.remote_id, ezcontentobject_tree.sort_field, ezcontentobject_tree.sort_order, ezcontentclass.serialized_name_list as class_serialized_name_list, ezcontentclass.identifier as class_identifier, ezcontentclass.is_container, ezcontentobject_name.name, ezcontentobject_name.real_translation FROM ezcontentobject_tree INNER JOIN ezcontentobject ON (ezcontentobject.id = ezcontentobject_tree.contentobject_id) INNER JOIN ezcontentclass ON (ezcontentclass.id = ezcontentobject.contentclass_id) INNER JOIN ezcontentobject_name ON (     ezcontentobject_name.contentobject_id = ezcontentobject_tree.contentobject_id AND     ezcontentobject_name.content_version = ezcontentobject_tree.contentobject_version ) WHERE node_id = 2 AND  ezcontentclass.version = 0  AND 
 ezcontentobject.language_mask & 3 > 0 
  AND 
 ( ezcontentobject_name.language_id & ezcontentobject.language_mask > 0 AND
     ( (   ezcontentobject.language_mask - ( ezcontentobject.language_mask & ezcontentobject_name.language_id ) ) & 1 )
   + ( ( ( ezcontentobject.language_mask - ( ezcontentobject.language_mask & ezcontentobject_name.language_id ) ) & 2 ) )
   <
     ( ezcontentobject_name.language_id & 1 )
   + ( ( ezcontentobject_name.language_id & 2 ) )
 )
[ Aug 28 2014 13:19:39 ] [172.7.240.131] eZTemplate:
Unknown template variable 'used_node' in namespace ''
[ Aug 28 2014 13:19:40 ] [68.180.225.102] eZMySQLiDB:
Query error (2006): MySQL server has gone away. Query: SELECT ezcontentobject_attribute.*, ezcontentclass_attribute.identifier as identifier FROM
                    ezcontentobject_attribute, ezcontentclass_attribute, ezcontentobject_version
                  WHERE
                    ezcontentclass_attribute.version = '0' AND
                    ezcontentclass_attribute.id = ezcontentobject_attribute.contentclassattribute_id AND
                    ezcontentobject_version.contentobject_id = '65' AND
                    ezcontentobject_version.version = '2' AND
                    ezcontentobject_attribute.contentobject_id = '65' AND                    ezcontentobject_attribute.version = '2' AND                    ezcontentobject_attribute.language_code = 'eng-US' 
                  
                  ORDER BY
                    ezcontentclass_attribute.placement ASC,
                    ezcontentobject_attribute.language_code ASC
[ Aug 28 2014 13:19:40 ] [68.180.225.102] eZTemplate @ extension/ezecosystem/design/eze/override/templates/full/frontpage.tpl:120[8]:
No such attribute for array(0): bottom_column
Choose one of following: 
[ Aug 28 2014 13:19:40 ] [68.180.225.102] eZMySQLiDB:
Query error (2006): MySQL server has gone away. Query: SELECT l.contentobject_state_id, s.identifier AS state_identifier, g.identifier AS state_group_identifier
                FROM ezcobj_state_link l, ezcobj_state s, ezcobj_state_group g
                WHERE l.contentobject_id=65 AND
                      s.id=l.contentobject_state_id AND
                      g.id=s.group_id
[ Aug 28 2014 13:19:43 ] [68.180.225.102] eZMySQLiDB:
Query error (2006): MySQL server has gone away. Query: SELECT id, section_id, owner_id, contentclass_id, name, published, modified,       current_version, status, remote_id, language_mask, initial_language_id
                    FROM   ezcontentobject WHERE  contentclass_id='15' ORDER BY id ASC
LIMIT 0, 1
[ Aug 28 2014 13:20:04 ] [68.180.225.102] eZMySQLiDB:
Query error (2006): MySQL server has gone away. Query: SELECT id, section_id, owner_id, contentclass_id, name, published, modified,       current_version, status, remote_id, language_mask, initial_language_id
                    FROM   ezcontentobject WHERE  contentclass_id='15' ORDER BY id ASC
LIMIT 0, 1
[ Aug 28 2014 13:20:47 ] [68.180.225.102] eZMySQLiDB:
Query error (2006): MySQL server has gone away. Query: SELECT id, section_id, owner_id, contentclass_id, name, published, modified,       current_version, status, remote_id, language_mask, initial_language_id
                    FROM   ezcontentobject WHERE  contentclass_id='15' ORDER BY id ASC
LIMIT 0, 1
[ Aug 28 2014 13:20:47 ] [68.180.225.102] eZMySQLiDB:
Query error (2006): MySQL server has gone away. Query: SELECT ezcontentobject.contentclass_id, ezcontentobject.current_version, ezcontentobject.id, ezcontentobject.initial_language_id, ezcontentobject.language_mask, ezcontentobject.modified, ezcontentobject.owner_id, ezcontentobject.published, ezcontentobject.remote_id AS object_remote_id, ezcontentobject.section_id, ezcontentobject.status, ezcontentobject_tree.contentobject_is_published, ezcontentobject_tree.contentobject_version, ezcontentobject_tree.depth, ezcontentobject_tree.is_hidden, ezcontentobject_tree.is_invisible, ezcontentobject_tree.main_node_id, ezcontentobject_tree.modified_subnode, ezcontentobject_tree.node_id, ezcontentobject_tree.parent_node_id, ezcontentobject_tree.path_identification_string, ezcontentobject_tree.path_string, ezcontentobject_tree.priority, ezcontentobject_tree.remote_id, ezcontentobject_tree.sort_field, ezcontentobject_tree.sort_order, ezcontentclass.serialized_name_list as class_serialized_name_list, ezcontentclass.identifier as class_identifier, ezcontentclass.is_container, ezcontentobject_name.name, ezcontentobject_name.real_translation FROM ezcontentobject_tree INNER JOIN ezcontentobject ON (ezcontentobject.id = ezcontentobject_tree.contentobject_id) INNER JOIN ezcontentclass ON (ezcontentclass.id = ezcontentobject.contentclass_id) INNER JOIN ezcontentobject_name ON (     ezcontentobject_name.contentobject_id = ezcontentobject_tree.contentobject_id AND     ezcontentobject_name.content_version = ezcontentobject_tree.contentobject_version ) WHERE node_id = 2 AND  ezcontentclass.version = 0  AND 
 ezcontentobject.language_mask & 3 > 0 
  AND 
 ( ezcontentobject_name.language_id & ezcontentobject.language_mask > 0 AND
     ( (   ezcontentobject.language_mask - ( ezcontentobject.language_mask & ezcontentobject_name.language_id ) ) & 1 )
   + ( ( ( ezcontentobject.language_mask - ( ezcontentobject.language_mask & ezcontentobject_name.language_id ) ) & 2 ) )
   <
     ( ezcontentobject_name.language_id & 1 )
   + ( ( ezcontentobject_name.language_id & 2 ) )
 )
[ Aug 28 2014 13:21:48 ] [68.180.225.102] eZMySQLiDB:
Query error (2006): MySQL server has gone away. Query: SELECT id, section_id, owner_id, contentclass_id, name, published, modified,       current_version, status, remote_id, language_mask, initial_language_id
                    FROM   ezcontentobject WHERE  contentclass_id='15' ORDER BY id ASC
LIMIT 0, 1
[ Aug 28 2014 13:24:50 ] [123.125.71.17] eZMySQLiDB:
Query error (2006): MySQL server has gone away. Query: SELECT id, section_id, owner_id, contentclass_id, name, published, modified,       current_version, status, remote_id, language_mask, initial_language_id
                    FROM   ezcontentobject WHERE  contentclass_id='15' ORDER BY id ASC
LIMIT 0, 1
[ Aug 28 2014 13:24:50 ] [123.125.71.17] eZMySQLiDB:
Query error (2006): MySQL server has gone away. Query: SELECT ezcontentobject.contentclass_id, ezcontentobject.current_version, ezcontentobject.id, ezcontentobject.initial_language_id, ezcontentobject.language_mask, ezcontentobject.modified, ezcontentobject.owner_id, ezcontentobject.published, ezcontentobject.remote_id AS object_remote_id, ezcontentobject.section_id, ezcontentobject.status, ezcontentobject_tree.contentobject_is_published, ezcontentobject_tree.contentobject_version, ezcontentobject_tree.depth, ezcontentobject_tree.is_hidden, ezcontentobject_tree.is_invisible, ezcontentobject_tree.main_node_id, ezcontentobject_tree.modified_subnode, ezcontentobject_tree.node_id, ezcontentobject_tree.parent_node_id, ezcontentobject_tree.path_identification_string, ezcontentobject_tree.path_string, ezcontentobject_tree.priority, ezcontentobject_tree.remote_id, ezcontentobject_tree.sort_field, ezcontentobject_tree.sort_order, ezcontentclass.serialized_name_list as class_serialized_name_list, ezcontentclass.identifier as class_identifier, ezcontentclass.is_container, ezcontentobject_name.name, ezcontentobject_name.real_translation FROM ezcontentobject_tree INNER JOIN ezcontentobject ON (ezcontentobject.id = ezcontentobject_tree.contentobject_id) INNER JOIN ezcontentclass ON (ezcontentclass.id = ezcontentobject.contentclass_id) INNER JOIN ezcontentobject_name ON (     ezcontentobject_name.contentobject_id = ezcontentobject_tree.contentobject_id AND     ezcontentobject_name.content_version = ezcontentobject_tree.contentobject_version ) WHERE node_id = 2 AND  ezcontentclass.version = 0  AND 
 ezcontentobject.language_mask & 3 > 0 
  AND 
 ( ezcontentobject_name.language_id & ezcontentobject.language_mask > 0 AND
     ( (   ezcontentobject.language_mask - ( ezcontentobject.language_mask & ezcontentobject_name.language_id ) ) & 1 )
   + ( ( ( ezcontentobject.language_mask - ( ezcontentobject.language_mask & ezcontentobject_name.language_id ) ) & 2 ) )
   <
     ( ezcontentobject_name.language_id & 1 )
   + ( ( ezcontentobject_name.language_id & 2 ) )
 )
[ Aug 28 2014 13:25:06 ] [68.180.225.102] eZMySQLiDB:
Query error (2006): MySQL server has gone away. Query: SELECT id, section_id, owner_id, contentclass_id, name, published, modified,       current_version, status, remote_id, language_mask, initial_language_id
                    FROM   ezcontentobject WHERE  contentclass_id='15' ORDER BY id ASC
LIMIT 0, 1
[ Aug 28 2014 13:25:06 ] [68.180.225.102] eZMySQLiDB:
Query error (2006): MySQL server has gone away. Query: SELECT ezcontentobject.contentclass_id, ezcontentobject.current_version, ezcontentobject.id, ezcontentobject.initial_language_id, ezcontentobject.language_mask, ezcontentobject.modified, ezcontentobject.owner_id, ezcontentobject.published, ezcontentobject.remote_id AS object_remote_id, ezcontentobject.section_id, ezcontentobject.status, ezcontentobject_tree.contentobject_is_published, ezcontentobject_tree.contentobject_version, ezcontentobject_tree.depth, ezcontentobject_tree.is_hidden, ezcontentobject_tree.is_invisible, ezcontentobject_tree.main_node_id, ezcontentobject_tree.modified_subnode, ezcontentobject_tree.node_id, ezcontentobject_tree.parent_node_id, ezcontentobject_tree.path_identification_string, ezcontentobject_tree.path_string, ezcontentobject_tree.priority, ezcontentobject_tree.remote_id, ezcontentobject_tree.sort_field, ezcontentobject_tree.sort_order, ezcontentclass.serialized_name_list as class_serialized_name_list, ezcontentclass.identifier as class_identifier, ezcontentclass.is_container, ezcontentobject_name.name, ezcontentobject_name.real_translation FROM ezcontentobject_tree INNER JOIN ezcontentobject ON (ezcontentobject.id = ezcontentobject_tree.contentobject_id) INNER JOIN ezcontentclass ON (ezcontentclass.id = ezcontentobject.contentclass_id) INNER JOIN ezcontentobject_name ON (     ezcontentobject_name.contentobject_id = ezcontentobject_tree.contentobject_id AND     ezcontentobject_name.content_version = ezcontentobject_tree.contentobject_version ) WHERE node_id = 2 AND  ezcontentclass.version = 0  AND 
 ezcontentobject.language_mask & 3 > 0 
  AND 
 ( ezcontentobject_name.language_id & ezcontentobject.language_mask > 0 AND
     ( (   ezcontentobject.language_mask - ( ezcontentobject.language_mask & ezcontentobject_name.language_id ) ) & 1 )
   + ( ( ( ezcontentobject.language_mask - ( ezcontentobject.language_mask & ezcontentobject_name.language_id ) ) & 2 ) )
   <
     ( ezcontentobject_name.language_id & 1 )
   + ( ( ezcontentobject_name.language_id & 2 ) )
 )
[ Aug 28 2014 13:26:07 ] [68.180.225.102] eZMySQLiDB:
Query error (2006): MySQL server has gone away. Query: SELECT id, identifier FROM ezcontentclass where version=0
[ Aug 28 2014 13:26:07 ] [68.180.225.102] eZMySQLiDB:
Query error (2006): MySQL server has gone away. Query: SELECT id, section_id, owner_id, contentclass_id, name, published, modified,       current_version, status, remote_id, language_mask, initial_language_id
                    FROM   ezcontentobject WHERE  contentclass_id='' ORDER BY id ASC
LIMIT 0, 1
[ Aug 28 2014 13:26:38 ] [68.180.225.102] eZMySQLiDB:
Query error (2006): MySQL server has gone away. Query: SELECT id, identifier FROM ezcontentclass where version=0
[ Aug 28 2014 13:26:38 ] [68.180.225.102] eZMySQLiDB:
Query error (2006): MySQL server has gone away. Query: SELECT id, section_id, owner_id, contentclass_id, name, published, modified,       current_version, status, remote_id, language_mask, initial_language_id
                    FROM   ezcontentobject WHERE  contentclass_id='' ORDER BY id ASC
LIMIT 0, 1
[ Aug 28 2014 13:26:38 ] [68.180.225.102] eZMySQLiDB:
Query error (2006): MySQL server has gone away. Query: SELECT ezcontentobject.contentclass_id, ezcontentobject.current_version, ezcontentobject.id, ezcontentobject.initial_language_id, ezcontentobject.language_mask, ezcontentobject.modified, ezcontentobject.owner_id, ezcontentobject.published, ezcontentobject.remote_id AS object_remote_id, ezcontentobject.section_id, ezcontentobject.status, ezcontentobject_tree.contentobject_is_published, ezcontentobject_tree.contentobject_version, ezcontentobject_tree.depth, ezcontentobject_tree.is_hidden, ezcontentobject_tree.is_invisible, ezcontentobject_tree.main_node_id, ezcontentobject_tree.modified_subnode, ezcontentobject_tree.node_id, ezcontentobject_tree.parent_node_id, ezcontentobject_tree.path_identification_string, ezcontentobject_tree.path_string, ezcontentobject_tree.priority, ezcontentobject_tree.remote_id, ezcontentobject_tree.sort_field, ezcontentobject_tree.sort_order, ezcontentclass.serialized_name_list as class_serialized_name_list, ezcontentclass.identifier as class_identifier, ezcontentclass.is_container, ezcontentobject_name.name, ezcontentobject_name.real_translation FROM ezcontentobject_tree INNER JOIN ezcontentobject ON (ezcontentobject.id = ezcontentobject_tree.contentobject_id) INNER JOIN ezcontentclass ON (ezcontentclass.id = ezcontentobject.contentclass_id) INNER JOIN ezcontentobject_name ON (     ezcontentobject_name.contentobject_id = ezcontentobject_tree.contentobject_id AND     ezcontentobject_name.content_version = ezcontentobject_tree.contentobject_version ) WHERE node_id = 2 AND  ezcontentclass.version = 0  AND 
 ezcontentobject.language_mask & 3 > 0 
  AND 
 ( ezcontentobject_name.language_id & ezcontentobject.language_mask > 0 AND
     ( (   ezcontentobject.language_mask - ( ezcontentobject.language_mask & ezcontentobject_name.language_id ) ) & 1 )
   + ( ( ( ezcontentobject.language_mask - ( ezcontentobject.language_mask & ezcontentobject_name.language_id ) ) & 2 ) )
   <
     ( ezcontentobject_name.language_id & 1 )
   + ( ( ezcontentobject_name.language_id & 2 ) )
 )
[ Aug 28 2014 13:27:40 ] [68.180.225.102] eZMySQLiDB:
Query error (2006): MySQL server has gone away. Query: SELECT id, section_id, owner_id, contentclass_id, name, published, modified,       current_version, status, remote_id, language_mask, initial_language_id
                    FROM   ezcontentobject WHERE  contentclass_id='' ORDER BY id ASC
LIMIT 0, 1
[ Aug 28 2014 13:28:18 ] [183.60.214.29] eZMySQLiDB:
Query error (2006): MySQL server has gone away. Query: SELECT id, section_id, owner_id, contentclass_id, name, published, modified,       current_version, status, remote_id, language_mask, initial_language_id
                    FROM   ezcontentobject WHERE  contentclass_id='' ORDER BY id ASC
LIMIT 0, 1
[ Aug 28 2014 13:28:18 ] [183.60.214.29] eZMySQLiDB:
Query error (2006): MySQL server has gone away. Query: SELECT ezcontentobject.contentclass_id, ezcontentobject.current_version, ezcontentobject.id, ezcontentobject.initial_language_id, ezcontentobject.language_mask, ezcontentobject.modified, ezcontentobject.owner_id, ezcontentobject.published, ezcontentobject.remote_id AS object_remote_id, ezcontentobject.section_id, ezcontentobject.status, ezcontentobject_tree.contentobject_is_published, ezcontentobject_tree.contentobject_version, ezcontentobject_tree.depth, ezcontentobject_tree.is_hidden, ezcontentobject_tree.is_invisible, ezcontentobject_tree.main_node_id, ezcontentobject_tree.modified_subnode, ezcontentobject_tree.node_id, ezcontentobject_tree.parent_node_id, ezcontentobject_tree.path_identification_string, ezcontentobject_tree.path_string, ezcontentobject_tree.priority, ezcontentobject_tree.remote_id, ezcontentobject_tree.sort_field, ezcontentobject_tree.sort_order, ezcontentclass.serialized_name_list as class_serialized_name_list, ezcontentclass.identifier as class_identifier, ezcontentclass.is_container, ezcontentobject_name.name, ezcontentobject_name.real_translation FROM ezcontentobject_tree INNER JOIN ezcontentobject ON (ezcontentobject.id = ezcontentobject_tree.contentobject_id) INNER JOIN ezcontentclass ON (ezcontentclass.id = ezcontentobject.contentclass_id) INNER JOIN ezcontentobject_name ON (     ezcontentobject_name.contentobject_id = ezcontentobject_tree.contentobject_id AND     ezcontentobject_name.content_version = ezcontentobject_tree.contentobject_version ) WHERE node_id = 2 AND  ezcontentclass.version = 0  AND 
 ezcontentobject.language_mask & 3 > 0 
  AND 
 ( ezcontentobject_name.language_id & ezcontentobject.language_mask > 0 AND
     ( (   ezcontentobject.language_mask - ( ezcontentobject.language_mask & ezcontentobject_name.language_id ) ) & 1 )
   + ( ( ( ezcontentobject.language_mask - ( ezcontentobject.language_mask & ezcontentobject_name.language_id ) ) & 2 ) )
   <
     ( ezcontentobject_name.language_id & 1 )
   + ( ( ezcontentobject_name.language_id & 2 ) )
 )
[ Aug 28 2014 13:28:51 ] [68.180.225.102] eZMySQLiDB:
Query error (2006): MySQL server has gone away. Query: SELECT id, section_id, owner_id, contentclass_id, name, published, modified,       current_version, status, remote_id, language_mask, initial_language_id
                    FROM   ezcontentobject WHERE  contentclass_id='' ORDER BY id ASC
LIMIT 0, 1
[ Aug 28 2014 13:28:52 ] [68.180.225.102] eZMySQLiDB:
Query error (1054): Unknown column 'ezcontentobject_name.content_version' in 'on clause'. Query: SELECT DISTINCT ezcontentobject_tree.node_id, ezkeyword.keyword, a0.sort_key_int
                  FROM ezkeyword
                       INNER JOIN ezkeyword_attribute_link ON (ezkeyword_attribute_link.keyword_id = ezkeyword.id)
                       INNER JOIN ezcontentobject_attribute ON (ezcontentobject_attribute.id = ezkeyword_attribute_link.objectattribute_id)
                       INNER JOIN ezcontentobject ON (ezcontentobject_attribute.version = ezcontentobject.current_version AND ezcontentobject_attribute.contentobject_id = ezcontentobject.id)
                       INNER JOIN ezcontentobject_tree ON (ezcontentobject_tree.contentobject_id = ezcontentobject.id)
                       INNER JOIN ezcontentclass ON (ezcontentclass.id = ezcontentobject.contentclass_id)
                        INNER JOIN ezcontentobject_attribute a0 ON (
                                   a0.contentobject_id = ezcontentobject.id AND
                                   a0.contentclassattribute_id = 216 AND
                                   a0.version = ezcontentobject_name.content_version AND
 ( a0.language_id & ezcontentobject.language_mask > 0 AND
     ( (   ezcontentobject.language_mask - ( ezcontentobject.language_mask & a0.language_id ) ) & 1 )
   + ( ( ( ezcontentobject.language_mask - ( ezcontentobject.language_mask & a0.language_id ) ) & 2 ) )
   <
     ( a0.language_id & 1 )
   + ( ( a0.language_id & 2 ) )
 ) 
) INNER JOIN ezcontentobject_name ON (ezcontentobject_name.contentobject_id = ezcontentobject.id)
                       
                  WHERE
                  ezkeyword.keyword LIKE 'Mershandising Shop%'
                  AND ezcontentobject_tree.is_invisible = 0
                   AND ((ezcontentobject.section_id in (1)) OR (ezcontentobject.contentclass_id in (29, 30, 32, 33, 34, 42) AND ezcontentobject.section_id in (3))) 
                  
                  
                  AND ezcontentobject_tree.parent_node_id = '235'
                  AND ezcontentclass.version = 0
                  AND ezcontentobject.status = 1
                  AND ezcontentobject_tree.main_node_id = ezcontentobject_tree.node_id
                  ORDER BY a0.sort_key_int DESC
LIMIT 0, 10
[ Aug 28 2014 13:28:53 ] [68.180.225.102] eZMySQLiDB:
Query error (2006): MySQL server has gone away. Query: SELECT id, section_id, owner_id, contentclass_id, name, published, modified,       current_version, status, remote_id, language_mask, initial_language_id
                    FROM   ezcontentobject WHERE  contentclass_id='' ORDER BY id ASC
LIMIT 0, 1
[ Aug 28 2014 13:28:53 ] [68.180.225.102] eZMySQLiDB:
Query error (2006): MySQL server has gone away. Query: SELECT ezcontentobject.contentclass_id, ezcontentobject.current_version, ezcontentobject.id, ezcontentobject.initial_language_id, ezcontentobject.language_mask, ezcontentobject.modified, ezcontentobject.owner_id, ezcontentobject.published, ezcontentobject.remote_id AS object_remote_id, ezcontentobject.section_id, ezcontentobject.status, ezcontentobject_tree.contentobject_is_published, ezcontentobject_tree.contentobject_version, ezcontentobject_tree.depth, ezcontentobject_tree.is_hidden, ezcontentobject_tree.is_invisible, ezcontentobject_tree.main_node_id, ezcontentobject_tree.modified_subnode, ezcontentobject_tree.node_id, ezcontentobject_tree.parent_node_id, ezcontentobject_tree.path_identification_string, ezcontentobject_tree.path_string, ezcontentobject_tree.priority, ezcontentobject_tree.remote_id, ezcontentobject_tree.sort_field, ezcontentobject_tree.sort_order, ezcontentclass.serialized_name_list as class_serialized_name_list, ezcontentclass.identifier as class_identifier, ezcontentclass.is_container, ezcontentobject_name.name, ezcontentobject_name.real_translation FROM ezcontentobject_tree INNER JOIN ezcontentobject ON (ezcontentobject.id = ezcontentobject_tree.contentobject_id) INNER JOIN ezcontentclass ON (ezcontentclass.id = ezcontentobject.contentclass_id) INNER JOIN ezcontentobject_name ON (     ezcontentobject_name.contentobject_id = ezcontentobject_tree.contentobject_id AND     ezcontentobject_name.content_version = ezcontentobject_tree.contentobject_version ) WHERE node_id = 2 AND  ezcontentclass.version = 0  AND 
 ezcontentobject.language_mask & 3 > 0 
  AND 
 ( ezcontentobject_name.language_id & ezcontentobject.language_mask > 0 AND
     ( (   ezcontentobject.language_mask - ( ezcontentobject.language_mask & ezcontentobject_name.language_id ) ) & 1 )
   + ( ( ( ezcontentobject.language_mask - ( ezcontentobject.language_mask & ezcontentobject_name.language_id ) ) & 2 ) )
   <
     ( ezcontentobject_name.language_id & 1 )
   + ( ( ezcontentobject_name.language_id & 2 ) )
 )
[ Aug 28 2014 13:29:04 ] [68.180.225.102] eZMySQLiDB:
Query error (2006): MySQL server has gone away. Query: SELECT id, section_id, owner_id, contentclass_id, name, published, modified,       current_version, status, remote_id, language_mask, initial_language_id
                    FROM   ezcontentobject WHERE  contentclass_id='' ORDER BY id ASC
LIMIT 0, 1
[ Aug 28 2014 13:29:04 ] [68.180.225.102] eZMySQLiDB:
Query error (2006): MySQL server has gone away. Query: SELECT ezcontentobject.contentclass_id, ezcontentobject.current_version, ezcontentobject.id, ezcontentobject.initial_language_id, ezcontentobject.language_mask, ezcontentobject.modified, ezcontentobject.owner_id, ezcontentobject.published, ezcontentobject.remote_id AS object_remote_id, ezcontentobject.section_id, ezcontentobject.status, ezcontentobject_tree.contentobject_is_published, ezcontentobject_tree.contentobject_version, ezcontentobject_tree.depth, ezcontentobject_tree.is_hidden, ezcontentobject_tree.is_invisible, ezcontentobject_tree.main_node_id, ezcontentobject_tree.modified_subnode, ezcontentobject_tree.node_id, ezcontentobject_tree.parent_node_id, ezcontentobject_tree.path_identification_string, ezcontentobject_tree.path_string, ezcontentobject_tree.priority, ezcontentobject_tree.remote_id, ezcontentobject_tree.sort_field, ezcontentobject_tree.sort_order, ezcontentclass.serialized_name_list as class_serialized_name_list, ezcontentclass.identifier as class_identifier, ezcontentclass.is_container, ezcontentobject_name.name, ezcontentobject_name.real_translation FROM ezcontentobject_tree INNER JOIN ezcontentobject ON (ezcontentobject.id = ezcontentobject_tree.contentobject_id) INNER JOIN ezcontentclass ON (ezcontentclass.id = ezcontentobject.contentclass_id) INNER JOIN ezcontentobject_name ON (     ezcontentobject_name.contentobject_id = ezcontentobject_tree.contentobject_id AND     ezcontentobject_name.content_version = ezcontentobject_tree.contentobject_version ) WHERE node_id = 2 AND  ezcontentclass.version = 0  AND 
 ezcontentobject.language_mask & 3 > 0 
  AND 
 ( ezcontentobject_name.language_id & ezcontentobject.language_mask > 0 AND
     ( (   ezcontentobject.language_mask - ( ezcontentobject.language_mask & ezcontentobject_name.language_id ) ) & 1 )
   + ( ( ( ezcontentobject.language_mask - ( ezcontentobject.language_mask & ezcontentobject_name.language_id ) ) & 2 ) )
   <
     ( ezcontentobject_name.language_id & 1 )
   + ( ( ezcontentobject_name.language_id & 2 ) )
 )
[ Aug 28 2014 13:29:27 ] [123.125.71.110] eZMySQLiDB:
Query error (1054): Unknown column 'ezcontentobject_name.content_version' in 'on clause'. Query: SELECT DISTINCT ezcontentobject_tree.node_id, ezkeyword.keyword, a0.sort_key_int
                  FROM ezkeyword
                       INNER JOIN ezkeyword_attribute_link ON (ezkeyword_attribute_link.keyword_id = ezkeyword.id)
                       INNER JOIN ezcontentobject_attribute ON (ezcontentobject_attribute.id = ezkeyword_attribute_link.objectattribute_id)
                       INNER JOIN ezcontentobject ON (ezcontentobject_attribute.version = ezcontentobject.current_version AND ezcontentobject_attribute.contentobject_id = ezcontentobject.id)
                       INNER JOIN ezcontentobject_tree ON (ezcontentobject_tree.contentobject_id = ezcontentobject.id)
                       INNER JOIN ezcontentclass ON (ezcontentclass.id = ezcontentobject.contentclass_id)
                        INNER JOIN ezcontentobject_attribute a0 ON (
                                   a0.contentobject_id = ezcontentobject.id AND
                                   a0.contentclassattribute_id = 216 AND
                                   a0.version = ezcontentobject_name.content_version AND
 ( a0.language_id & ezcontentobject.language_mask > 0 AND
     ( (   ezcontentobject.language_mask - ( ezcontentobject.language_mask & a0.language_id ) ) & 1 )
   + ( ( ( ezcontentobject.language_mask - ( ezcontentobject.language_mask & a0.language_id ) ) & 2 ) )
   <
     ( a0.language_id & 1 )
   + ( ( a0.language_id & 2 ) )
 ) 
) INNER JOIN ezcontentobject_name ON (ezcontentobject_name.contentobject_id = ezcontentobject.id)
                       
                  WHERE
                  ezkeyword.keyword LIKE 'pygment%'
                  AND ezcontentobject_tree.is_invisible = 0
                   AND ((ezcontentobject.section_id in (1)) OR (ezcontentobject.contentclass_id in (29, 30, 32, 33, 34, 42) AND ezcontentobject.section_id in (3))) 
                  
                  
                  AND ezcontentobject_tree.parent_node_id = '235'
                  AND ezcontentclass.version = 0
                  AND ezcontentobject.status = 1
                  AND ezcontentobject_tree.main_node_id = ezcontentobject_tree.node_id
                  ORDER BY a0.sort_key_int DESC
LIMIT 0, 10
[ Aug 28 2014 13:29:48 ] [183.60.214.29] eZMySQLiDB:
Query error (2006): MySQL server has gone away. Query: SELECT id, section_id, owner_id, contentclass_id, name, published, modified,       current_version, status, remote_id, language_mask, initial_language_id
                    FROM   ezcontentobject WHERE  contentclass_id='' ORDER BY id ASC
LIMIT 0, 1
[ Aug 28 2014 13:29:48 ] [183.60.214.29] eZMySQLiDB:
Query error (2006): MySQL server has gone away. Query: SELECT ezcontentobject.contentclass_id, ezcontentobject.current_version, ezcontentobject.id, ezcontentobject.initial_language_id, ezcontentobject.language_mask, ezcontentobject.modified, ezcontentobject.owner_id, ezcontentobject.published, ezcontentobject.remote_id AS object_remote_id, ezcontentobject.section_id, ezcontentobject.status, ezcontentobject_tree.contentobject_is_published, ezcontentobject_tree.contentobject_version, ezcontentobject_tree.depth, ezcontentobject_tree.is_hidden, ezcontentobject_tree.is_invisible, ezcontentobject_tree.main_node_id, ezcontentobject_tree.modified_subnode, ezcontentobject_tree.node_id, ezcontentobject_tree.parent_node_id, ezcontentobject_tree.path_identification_string, ezcontentobject_tree.path_string, ezcontentobject_tree.priority, ezcontentobject_tree.remote_id, ezcontentobject_tree.sort_field, ezcontentobject_tree.sort_order, ezcontentclass.serialized_name_list as class_serialized_name_list, ezcontentclass.identifier as class_identifier, ezcontentclass.is_container, ezcontentobject_name.name, ezcontentobject_name.real_translation FROM ezcontentobject_tree INNER JOIN ezcontentobject ON (ezcontentobject.id = ezcontentobject_tree.contentobject_id) INNER JOIN ezcontentclass ON (ezcontentclass.id = ezcontentobject.contentclass_id) INNER JOIN ezcontentobject_name ON (     ezcontentobject_name.contentobject_id = ezcontentobject_tree.contentobject_id AND     ezcontentobject_name.content_version = ezcontentobject_tree.contentobject_version ) WHERE node_id = 2 AND  ezcontentclass.version = 0  AND 
 ezcontentobject.language_mask & 3 > 0 
  AND 
 ( ezcontentobject_name.language_id & ezcontentobject.language_mask > 0 AND
     ( (   ezcontentobject.language_mask - ( ezcontentobject.language_mask & ezcontentobject_name.language_id ) ) & 1 )
   + ( ( ( ezcontentobject.language_mask - ( ezcontentobject.language_mask & ezcontentobject_name.language_id ) ) & 2 ) )
   <
     ( ezcontentobject_name.language_id & 1 )
   + ( ( ezcontentobject_name.language_id & 2 ) )
 )
[ Aug 28 2014 13:30:05 ] [68.180.225.102] eZMySQLiDB:
Query error (2006): MySQL server has gone away. Query: SELECT id, section_id, owner_id, contentclass_id, name, published, modified,       current_version, status, remote_id, language_mask, initial_language_id
                    FROM   ezcontentobject WHERE  contentclass_id='' ORDER BY id ASC
LIMIT 0, 1
[ Aug 28 2014 13:30:13 ] [68.180.225.102] eZMySQLiDB:
Query error (2006): MySQL server has gone away. Query: SELECT id, section_id, owner_id, contentclass_id, name, published, modified,       current_version, status, remote_id, language_mask, initial_language_id
                    FROM   ezcontentobject WHERE  contentclass_id='' ORDER BY id ASC
LIMIT 0, 1
[ Aug 28 2014 13:30:13 ] [68.180.225.102] eZMySQLiDB:
Query error (2006): MySQL server has gone away. Query: SELECT ezcontentobject.contentclass_id, ezcontentobject.current_version, ezcontentobject.id, ezcontentobject.initial_language_id, ezcontentobject.language_mask, ezcontentobject.modified, ezcontentobject.owner_id, ezcontentobject.published, ezcontentobject.remote_id AS object_remote_id, ezcontentobject.section_id, ezcontentobject.status, ezcontentobject_tree.contentobject_is_published, ezcontentobject_tree.contentobject_version, ezcontentobject_tree.depth, ezcontentobject_tree.is_hidden, ezcontentobject_tree.is_invisible, ezcontentobject_tree.main_node_id, ezcontentobject_tree.modified_subnode, ezcontentobject_tree.node_id, ezcontentobject_tree.parent_node_id, ezcontentobject_tree.path_identification_string, ezcontentobject_tree.path_string, ezcontentobject_tree.priority, ezcontentobject_tree.remote_id, ezcontentobject_tree.sort_field, ezcontentobject_tree.sort_order, ezcontentclass.serialized_name_list as class_serialized_name_list, ezcontentclass.identifier as class_identifier, ezcontentclass.is_container, ezcontentobject_name.name, ezcontentobject_name.real_translation FROM ezcontentobject_tree INNER JOIN ezcontentobject ON (ezcontentobject.id = ezcontentobject_tree.contentobject_id) INNER JOIN ezcontentclass ON (ezcontentclass.id = ezcontentobject.contentclass_id) INNER JOIN ezcontentobject_name ON (     ezcontentobject_name.contentobject_id = ezcontentobject_tree.contentobject_id AND     ezcontentobject_name.content_version = ezcontentobject_tree.contentobject_version ) WHERE node_id = 2 AND  ezcontentclass.version = 0  AND 
 ezcontentobject.language_mask & 3 > 0 
  AND 
 ( ezcontentobject_name.language_id & ezcontentobject.language_mask > 0 AND
     ( (   ezcontentobject.language_mask - ( ezcontentobject.language_mask & ezcontentobject_name.language_id ) ) & 1 )
   + ( ( ( ezcontentobject.language_mask - ( ezcontentobject.language_mask & ezcontentobject_name.language_id ) ) & 2 ) )
   <
     ( ezcontentobject_name.language_id & 1 )
   + ( ( ezcontentobject_name.language_id & 2 ) )
 )
[ Aug 28 2014 13:30:32 ] [123.125.71.110] eZMySQLiDB:
Query error (2006): MySQL server has gone away. Query: SELECT id, section_id, owner_id, contentclass_id, name, published, modified,       current_version, status, remote_id, language_mask, initial_language_id
                    FROM   ezcontentobject WHERE  contentclass_id='' ORDER BY id ASC
LIMIT 0, 1
[ Aug 28 2014 13:30:32 ] [123.125.71.110] eZMySQLiDB:
Query error (2006): MySQL server has gone away. Query: SELECT ezcontentobject.contentclass_id, ezcontentobject.current_version, ezcontentobject.id, ezcontentobject.initial_language_id, ezcontentobject.language_mask, ezcontentobject.modified, ezcontentobject.owner_id, ezcontentobject.published, ezcontentobject.remote_id AS object_remote_id, ezcontentobject.section_id, ezcontentobject.status, ezcontentobject_tree.contentobject_is_published, ezcontentobject_tree.contentobject_version, ezcontentobject_tree.depth, ezcontentobject_tree.is_hidden, ezcontentobject_tree.is_invisible, ezcontentobject_tree.main_node_id, ezcontentobject_tree.modified_subnode, ezcontentobject_tree.node_id, ezcontentobject_tree.parent_node_id, ezcontentobject_tree.path_identification_string, ezcontentobject_tree.path_string, ezcontentobject_tree.priority, ezcontentobject_tree.remote_id, ezcontentobject_tree.sort_field, ezcontentobject_tree.sort_order, ezcontentclass.serialized_name_list as class_serialized_name_list, ezcontentclass.identifier as class_identifier, ezcontentclass.is_container, ezcontentobject_name.name, ezcontentobject_name.real_translation FROM ezcontentobject_tree INNER JOIN ezcontentobject ON (ezcontentobject.id = ezcontentobject_tree.contentobject_id) INNER JOIN ezcontentclass ON (ezcontentclass.id = ezcontentobject.contentclass_id) INNER JOIN ezcontentobject_name ON (     ezcontentobject_name.contentobject_id = ezcontentobject_tree.contentobject_id AND     ezcontentobject_name.content_version = ezcontentobject_tree.contentobject_version ) WHERE node_id = 2 AND  ezcontentclass.version = 0  AND 
 ezcontentobject.language_mask & 3 > 0 
  AND 
 ( ezcontentobject_name.language_id & ezcontentobject.language_mask > 0 AND
     ( (   ezcontentobject.language_mask - ( ezcontentobject.language_mask & ezcontentobject_name.language_id ) ) & 1 )
   + ( ( ( ezcontentobject.language_mask - ( ezcontentobject.language_mask & ezcontentobject_name.language_id ) ) & 2 ) )
   <
     ( ezcontentobject_name.language_id & 1 )
   + ( ( ezcontentobject_name.language_id & 2 ) )
 )
[ Aug 28 2014 13:30:58 ] [37.58.100.132] eZTemplate:ElementParser::variableEndPos:
parser error @ extension/ezecosystem/design/eze/override/templates/full/blog_post.tpl\[4]
No variable name found, this is most likely a bug in the template parser.
[ Aug 28 2014 13:31:14 ] [68.180.225.102] eZMySQLiDB:
Query error (2006): MySQL server has gone away. Query: SELECT id, section_id, owner_id, contentclass_id, name, published, modified,       current_version, status, remote_id, language_mask, initial_language_id
                    FROM   ezcontentobject WHERE  contentclass_id='15' ORDER BY id ASC
LIMIT 0, 1
[ Aug 28 2014 13:34:53 ] [172.7.240.131] eZTemplate:
Unknown template variable 'used_node' in namespace ''
[ Aug 28 2014 13:35:08 ] [220.181.108.108] eZMySQLiDB:
Query error (1054): Unknown column 'ezcontentobject_name.content_version' in 'on clause'. Query: SELECT DISTINCT ezcontentobject_tree.node_id, ezkeyword.keyword, a0.sort_key_int
                  FROM ezkeyword
                       INNER JOIN ezkeyword_attribute_link ON (ezkeyword_attribute_link.keyword_id = ezkeyword.id)
                       INNER JOIN ezcontentobject_attribute ON (ezcontentobject_attribute.id = ezkeyword_attribute_link.objectattribute_id)
                       INNER JOIN ezcontentobject ON (ezcontentobject_attribute.version = ezcontentobject.current_version AND ezcontentobject_attribute.contentobject_id = ezcontentobject.id)
                       INNER JOIN ezcontentobject_tree ON (ezcontentobject_tree.contentobject_id = ezcontentobject.id)
                       INNER JOIN ezcontentclass ON (ezcontentclass.id = ezcontentobject.contentclass_id)
                        INNER JOIN ezcontentobject_attribute a0 ON (
                                   a0.contentobject_id = ezcontentobject.id AND
                                   a0.contentclassattribute_id = 216 AND
                                   a0.version = ezcontentobject_name.content_version AND
 ( a0.language_id & ezcontentobject.language_mask > 0 AND
     ( (   ezcontentobject.language_mask - ( ezcontentobject.language_mask & a0.language_id ) ) & 1 )
   + ( ( ( ezcontentobject.language_mask - ( ezcontentobject.language_mask & a0.language_id ) ) & 2 ) )
   <
     ( a0.language_id & 1 )
   + ( ( a0.language_id & 2 ) )
 ) 
) INNER JOIN ezcontentobject_name ON (ezcontentobject_name.contentobject_id = ezcontentobject.id)
                       
                  WHERE
                  ezkeyword.keyword LIKE 'conference%'
                  AND ezcontentobject_tree.is_invisible = 0
                   AND ((ezcontentobject.section_id in (1)) OR (ezcontentobject.contentclass_id in (29, 30, 32, 33, 34, 42) AND ezcontentobject.section_id in (3))) 
                  
                  
                  AND ezcontentobject_tree.parent_node_id = '235'
                  AND ezcontentclass.version = 0
                  AND ezcontentobject.status = 1
                  AND ezcontentobject_tree.main_node_id = ezcontentobject_tree.node_id
                  ORDER BY a0.sort_key_int DESC
LIMIT 0, 10
