[ Aug 23 2014 06:52:53 ] [66.249.79.157] eZMySQLiDB[mysql.ctyme.com via TCP/IP]::query(0 rows, 54.790 ms) query number per page:2:
EXPLAIN
SELECT ezkeyword.keyword, count(ezkeyword.keyword) AS keyword_count
                                        FROM ezkeyword , ezkeyword_attribute_link
                                        LEFT JOIN ezcontentobject_attribute
                                            ON ezkeyword_attribute_link.objectattribute_id = ezcontentobject_attribute.id
                                        LEFT JOIN ezcontentobject
                                            ON ezcontentobject_attribute.contentobject_id = ezcontentobject.id
                                        LEFT JOIN ezcontentobject_tree
                                            ON ezcontentobject_attribute.contentobject_id = ezcontentobject_tree.contentobject_id
                                        WHERE ezkeyword.id = ezkeyword_attribute_link.keyword_id
                                            AND ezcontentobject.status = 1
                                            AND ezcontentobject_attribute.version = ezcontentobject.current_version
                                            AND ezcontentobject_tree.main_node_id = ezcontentobject_tree.node_id
                                            AND ezcontentobject_tree.path_string like '/1/2/216/1785/%'
                                            AND ezcontentobject_tree.node_id != 1785
                                            AND ezcontentobject.contentclass_id = '20'
                                            AND ezcontentobject_tree.is_invisible = 0
                                             AND ((ezcontentobject.section_id in (1)) OR (ezcontentobject.contentclass_id in (29, 30, 32, 33, 34, 42) AND ezcontentobject.section_id in (3))) 
                                            AND 
 ezcontentobject.language_mask & 3 > 0 
AND 
 ezcontentobject_attribute.language_id & 3 > 0 

                                        GROUP BY ezkeyword.id, ezkeyword.keyword
                                        ORDER BY ezkeyword.keyword ASC

ANALYSIS:
+----+-------------+---------------------------+--------+---------------------------------------------------------------------------------------+------------------------------+---------+-----------------------------------------------------------------------------------------------------+------+---------------------------------------------------------------------+
| id | select_type | table                     | type   | possible_keys                                                                         | key                          | key_len | ref                                                                                                 | rows | Extra                                                               |
+----+-------------+---------------------------+--------+---------------------------------------------------------------------------------------+------------------------------+---------+-----------------------------------------------------------------------------------------------------+------+---------------------------------------------------------------------+
|  1 | SIMPLE      | ezcontentobject_tree      | range  | PRIMARY,ezcontentobject_tree_co_id,ezcontentobject_tree_path                          | ezcontentobject_tree_path    |     767 |                                                                                                     |   38 | Using index condition; Using where; Using temporary; Using filesort |
+----+-------------+---------------------------+--------+---------------------------------------------------------------------------------------+------------------------------+---------+-----------------------------------------------------------------------------------------------------+------+---------------------------------------------------------------------+
|  1 | SIMPLE      | ezcontentobject           | eq_ref | PRIMARY,ezcontentobject_classid,ezcontentobject_currentversion,ezcontentobject_status | PRIMARY                      |       4 | ezecosystem.ezcontentobject_tree.contentobject_id                                                   |    1 | Using where                                                         |
+----+-------------+---------------------------+--------+---------------------------------------------------------------------------------------+------------------------------+---------+-----------------------------------------------------------------------------------------------------+------+---------------------------------------------------------------------+
|  1 | SIMPLE      | ezkeyword_attribute_link  | index  | ezkeyword_attr_link_kid_oaid,ezkeyword_attr_link_oaid                                 | ezkeyword_attr_link_kid_oaid |       8 |                                                                                                     | 2059 | Using index; Using join buffer (flat, BNL join)                     |
+----+-------------+---------------------------+--------+---------------------------------------------------------------------------------------+------------------------------+---------+-----------------------------------------------------------------------------------------------------+------+---------------------------------------------------------------------+
|  1 | SIMPLE      | ezkeyword                 | eq_ref | PRIMARY                                                                               | PRIMARY                      |       4 | ezecosystem.ezkeyword_attribute_link.keyword_id                                                     |    1 |                                                                     |
+----+-------------+---------------------------+--------+---------------------------------------------------------------------------------------+------------------------------+---------+-----------------------------------------------------------------------------------------------------+------+---------------------------------------------------------------------+
|  1 | SIMPLE      | ezcontentobject_attribute | eq_ref | PRIMARY,ezcontentobject_attribute_co_id_ver_lang_code                                 | PRIMARY                      |       8 | ezecosystem.ezkeyword_attribute_link.objectattribute_id,ezecosystem.ezcontentobject.current_version |    1 | Using where                                                         |
+----+-------------+---------------------------+--------+---------------------------------------------------------------------------------------+------------------------------+---------+-----------------------------------------------------------------------------------------------------+------+---------------------------------------------------------------------+

[ Aug 23 2014 06:53:16 ] [107.170.128.24] Timing Point: Module start 'content'
[ Aug 23 2014 06:53:16 ] [107.170.128.24] eZMySQLiDB[mysql.ctyme.com via TCP/IP]::query(4 rows, 42.166 ms) query number per page:0:
EXPLAIN
SELECT co.*, con.name as name, con.real_translation, cot.node_id
             FROM ezcontentobject co
             JOIN ezcontentobject_tree cot ON co.id = cot.contentobject_id AND co.current_version = cot.contentobject_version
             JOIN ezcontentobject_name con ON co.id = con.contentobject_id AND co.current_version = con.content_version
             WHERE cot.node_id IN ( 2, 216, 1027, 7077 ) AND 
 ( con.language_id & co.language_mask > 0 AND
     ( (   co.language_mask - ( co.language_mask & con.language_id ) ) & 1 )
   + ( ( ( co.language_mask - ( co.language_mask & con.language_id ) ) & 2 ) )
   <
     ( con.language_id & 1 )
   + ( ( con.language_id & 2 ) )
 )

ANALYSIS:
+----+-------------+-------+--------+----------------------------------------+-----------------------------+---------+---------------------------------------+------+------------------------------------+
| id | select_type | table | type   | possible_keys                          | key                         | key_len | ref                                   | rows | Extra                              |
+----+-------------+-------+--------+----------------------------------------+-----------------------------+---------+---------------------------------------+------+------------------------------------+
|  1 | SIMPLE      | cot   | range  | PRIMARY,ezcontentobject_tree_co_id     | PRIMARY                     |       4 |                                       |    4 | Using index condition; Using where |
+----+-------------+-------+--------+----------------------------------------+-----------------------------+---------+---------------------------------------+------+------------------------------------+
|  1 | SIMPLE      | co    | eq_ref | PRIMARY,ezcontentobject_currentversion | PRIMARY                     |       4 | ezecosystem.cot.contentobject_id      |    1 | Using where                        |
+----+-------------+-------+--------+----------------------------------------+-----------------------------+---------+---------------------------------------+------+------------------------------------+
|  1 | SIMPLE      | con   | ref    | PRIMARY,ezcontentobject_name_cov_id    | ezcontentobject_name_cov_id |       4 | ezecosystem.cot.contentobject_version |   19 | Using where                        |
+----+-------------+-------+--------+----------------------------------------+-----------------------------+---------+---------------------------------------+------+------------------------------------+

[ Aug 23 2014 06:54:06 ] [107.170.128.24] Timing Point: Module end 'content'
[ Aug 23 2014 06:54:06 ] [107.170.128.24] eZMySQLiDB[mysql.ctyme.com via TCP/IP]::query(1 rows, 201.904 ms) query number per page:0:
EXPLAIN
SELECT url, is_valid FROM ezurl WHERE id='4590'

ANALYSIS:
+----+-------------+-------+-------+---------------+---------+---------+-------+------+-------+
| id | select_type | table | type  | possible_keys | key     | key_len | ref   | rows | Extra |
+----+-------------+-------+-------+---------------+---------+---------+-------+------+-------+
|  1 | SIMPLE      | ezurl | const | PRIMARY       | PRIMARY |       4 | const |    1 |       |
+----+-------------+-------+-------+---------------+---------+---------+-------+------+-------+

[ Aug 23 2014 06:54:44 ] [66.249.79.157] Timing Point: Module start 'content'
[ Aug 23 2014 06:54:44 ] [66.249.79.157] eZMySQLiDB[mysql.ctyme.com via TCP/IP]::query(1 rows, 161.802 ms) query number per page:0:
EXPLAIN
SELECT
                        count( DISTINCT ezcontentobject_tree.node_id ) as count
                  FROM
                       ezcontentobject_tree
                       INNER JOIN ezcontentobject ON (ezcontentobject.id = ezcontentobject_tree.contentobject_id)
                       INNER JOIN ezcontentclass ON (ezcontentclass.id = ezcontentobject.contentclass_id)
                       INNER JOIN ezcontentobject_name ON (
                           ezcontentobject_name.contentobject_id = ezcontentobject_tree.contentobject_id AND
                           ezcontentobject_name.content_version = ezcontentobject_tree.contentobject_version
                       )
                        INNER JOIN ezcontentobject_attribute a0 ON (a0.contentobject_id = ezcontentobject.id)  INNER JOIN ezcontentobject_attribute a1 ON (a1.contentobject_id = ezcontentobject.id) 
                       
                       
                  WHERE ezcontentobject_tree.parent_node_id = 4440 and
                        
                        
                        
                        
                                  a0.contentobject_id = ezcontentobject.id AND
                                  a0.contentclassattribute_id = 216 AND
                                  a0.version = ezcontentobject_name.content_version AND 
 ( a0.language_id & ezcontentobject.language_mask > 0 AND
     ( (   ezcontentobject.language_mask - ( ezcontentobject.language_mask & a0.language_id ) ) & 1 )
   + ( ( ( ezcontentobject.language_mask - ( ezcontentobject.language_mask & a0.language_id ) ) & 2 ) )
   <
     ( a0.language_id & 1 )
   + ( ( a0.language_id & 2 ) )
 ) 
 AND 
                                  a1.contentobject_id = ezcontentobject.id AND
                                  a1.contentclassattribute_id = 216 AND
                                  a1.version = ezcontentobject_name.content_version AND 
 ( a1.language_id & ezcontentobject.language_mask > 0 AND
     ( (   ezcontentobject.language_mask - ( ezcontentobject.language_mask & a1.language_id ) ) & 1 )
   + ( ( ( ezcontentobject.language_mask - ( ezcontentobject.language_mask & a1.language_id ) ) & 2 ) )
   <
     ( a1.language_id & 1 )
   + ( ( a1.language_id & 2 ) )
 ) 
 AND                             ( a0.sort_key_int >= '1407819600'  AND a1.sort_key_int <= '1407905999'  ) AND 
                        ezcontentclass.version=0 AND
                        
                        
 ( ezcontentobject_name.language_id & ezcontentobject.language_mask > 0 AND
     ( (   ezcontentobject.language_mask - ( ezcontentobject.language_mask & ezcontentobject_name.language_id ) ) & 1 )
   + ( ( ( ezcontentobject.language_mask - ( ezcontentobject.language_mask & ezcontentobject_name.language_id ) ) & 2 ) )
   <
     ( ezcontentobject_name.language_id & 1 )
   + ( ( ezcontentobject_name.language_id & 2 ) )
 ) 

                        AND ezcontentobject_tree.is_invisible = 0
                         AND ((ezcontentobject.section_id in (1)) OR (ezcontentobject.contentclass_id in (29, 30, 32, 33, 34, 42) AND ezcontentobject.section_id in (3))) 
                        
                         AND 
 ezcontentobject.language_mask & 3 > 0

ANALYSIS:
+----+-------------+----------------------+--------+------------------------------------------------------------+-----------------------------------------------+---------+--------------------------------------------------------+------+------------------------------------+
| id | select_type | table                | type   | possible_keys                                              | key                                           | key_len | ref                                                    | rows | Extra                              |
+----+-------------+----------------------+--------+------------------------------------------------------------+-----------------------------------------------+---------+--------------------------------------------------------+------+------------------------------------+
|  1 | SIMPLE      | a0                   | range  | ezcontentobject_attribute_co_id_ver_lang_code,sort_key_int | sort_key_int                                  |       4 |                                                        |  830 | Using index condition; Using where |
+----+-------------+----------------------+--------+------------------------------------------------------------+-----------------------------------------------+---------+--------------------------------------------------------+------+------------------------------------+
|  1 | SIMPLE      | ezcontentobject_tree | ref    | ezcontentobject_tree_co_id,ezcontentobject_tree_p_node_id  | ezcontentobject_tree_co_id                    |       5 | ezecosystem.a0.contentobject_id                        |    1 | Using where                        |
+----+-------------+----------------------+--------+------------------------------------------------------------+-----------------------------------------------+---------+--------------------------------------------------------+------+------------------------------------+
|  1 | SIMPLE      | ezcontentobject      | eq_ref | PRIMARY,ezcontentobject_classid                            | PRIMARY                                       |       4 | ezecosystem.a0.contentobject_id                        |    1 | Using where                        |
+----+-------------+----------------------+--------+------------------------------------------------------------+-----------------------------------------------+---------+--------------------------------------------------------+------+------------------------------------+
|  1 | SIMPLE      | ezcontentclass       | eq_ref | PRIMARY,ezcontentclass_version                             | PRIMARY                                       |       8 | ezecosystem.ezcontentobject.contentclass_id,const      |    1 | Using index                        |
+----+-------------+----------------------+--------+------------------------------------------------------------+-----------------------------------------------+---------+--------------------------------------------------------+------+------------------------------------+
|  1 | SIMPLE      | ezcontentobject_name | ref    | PRIMARY,ezcontentobject_name_cov_id                        | ezcontentobject_name_cov_id                   |       4 | ezecosystem.a0.version                                 |   19 | Using where                        |
+----+-------------+----------------------+--------+------------------------------------------------------------+-----------------------------------------------+---------+--------------------------------------------------------+------+------------------------------------+
|  1 | SIMPLE      | a1                   | ref    | ezcontentobject_attribute_co_id_ver_lang_code,sort_key_int | ezcontentobject_attribute_co_id_ver_lang_code |       8 | ezecosystem.a0.contentobject_id,ezecosystem.a0.version |  308 | Using where                        |
+----+-------------+----------------------+--------+------------------------------------------------------------+-----------------------------------------------+---------+--------------------------------------------------------+------+------------------------------------+

[ Aug 23 2014 06:54:44 ] [66.249.79.157] eZMySQLiDB[mysql.ctyme.com via TCP/IP]::query(8 rows, 161.262 ms) query number per page:1:
EXPLAIN
SELECT DISTINCT ezcontentobject.contentclass_id, ezcontentobject.current_version, ezcontentobject.id, ezcontentobject.initial_language_id, ezcontentobject.language_mask, ezcontentobject.modified, ezcontentobject.owner_id, ezcontentobject.published, ezcontentobject.remote_id AS object_remote_id, ezcontentobject.section_id, ezcontentobject.status, ezcontentobject_tree.contentobject_is_published, ezcontentobject_tree.contentobject_version, ezcontentobject_tree.depth, ezcontentobject_tree.is_hidden, ezcontentobject_tree.is_invisible, ezcontentobject_tree.main_node_id, ezcontentobject_tree.modified_subnode, ezcontentobject_tree.node_id, ezcontentobject_tree.parent_node_id, ezcontentobject_tree.path_identification_string, ezcontentobject_tree.path_string, ezcontentobject_tree.priority, ezcontentobject_tree.remote_id, ezcontentobject_tree.sort_field, ezcontentobject_tree.sort_order, ezcontentclass.serialized_name_list as class_serialized_name_list, ezcontentclass.identifier as class_identifier, ezcontentclass.is_container as is_container , ezcontentobject_name.name, ezcontentobject_name.real_translation , a0.sort_key_int  FROM ezcontentobject_tree INNER JOIN ezcontentobject ON (ezcontentobject_tree.contentobject_id = ezcontentobject.id) INNER JOIN ezcontentclass ON (ezcontentclass.version = 0 AND ezcontentclass.id = ezcontentobject.contentclass_id) INNER JOIN ezcontentobject_name ON (     ezcontentobject_tree.contentobject_id = ezcontentobject_name.contentobject_id AND     ezcontentobject_tree.contentobject_version = ezcontentobject_name.content_version )  INNER JOIN ezcontentobject_attribute a0 ON (
                                   a0.contentobject_id = ezcontentobject.id AND
                                   a0.contentclassattribute_id = 216 AND
                                   a0.version = ezcontentobject_name.content_version AND
 ( a0.language_id & ezcontentobject.language_mask > 0 AND
     ( (   ezcontentobject.language_mask - ( ezcontentobject.language_mask & a0.language_id ) ) & 1 )
   + ( ( ( ezcontentobject.language_mask - ( ezcontentobject.language_mask & a0.language_id ) ) & 2 ) )
   <
     ( a0.language_id & 1 )
   + ( ( a0.language_id & 2 ) )
 ) 
)  INNER JOIN ezcontentobject_attribute a1 ON (a1.contentobject_id = ezcontentobject.id)  INNER JOIN ezcontentobject_attribute a2 ON (a2.contentobject_id = ezcontentobject.id)    WHERE ezcontentobject_tree.parent_node_id = 4440 and   
                                  a1.contentobject_id = ezcontentobject.id AND
                                  a1.contentclassattribute_id = 216 AND
                                  a1.version = ezcontentobject_name.content_version AND 
 ( a1.language_id & ezcontentobject.language_mask > 0 AND
     ( (   ezcontentobject.language_mask - ( ezcontentobject.language_mask & a1.language_id ) ) & 1 )
   + ( ( ( ezcontentobject.language_mask - ( ezcontentobject.language_mask & a1.language_id ) ) & 2 ) )
   <
     ( a1.language_id & 1 )
   + ( ( a1.language_id & 2 ) )
 ) 
 AND 
                                  a2.contentobject_id = ezcontentobject.id AND
                                  a2.contentclassattribute_id = 216 AND
                                  a2.version = ezcontentobject_name.content_version AND 
 ( a2.language_id & ezcontentobject.language_mask > 0 AND
     ( (   ezcontentobject.language_mask - ( ezcontentobject.language_mask & a2.language_id ) ) & 1 )
   + ( ( ( ezcontentobject.language_mask - ( ezcontentobject.language_mask & a2.language_id ) ) & 2 ) )
   <
     ( a2.language_id & 1 )
   + ( ( a2.language_id & 2 ) )
 ) 
 AND                             ( a1.sort_key_int >= '1407819600'  AND a2.sort_key_int <= '1407905999'  ) AND     
 ( ezcontentobject_name.language_id & ezcontentobject.language_mask > 0 AND
     ( (   ezcontentobject.language_mask - ( ezcontentobject.language_mask & ezcontentobject_name.language_id ) ) & 1 )
   + ( ( ( ezcontentobject.language_mask - ( ezcontentobject.language_mask & ezcontentobject_name.language_id ) ) & 2 ) )
   <
     ( ezcontentobject_name.language_id & 1 )
   + ( ( ezcontentobject_name.language_id & 2 ) )
 ) 
 AND ezcontentobject_tree.is_invisible = 0  AND ((ezcontentobject.section_id in (1)) OR (ezcontentobject.contentclass_id in (29, 30, 32, 33, 34, 42) AND ezcontentobject.section_id in (3)))   AND 
 ezcontentobject.language_mask & 3 > 0 
  ORDER BY a0.sort_key_int DESC
LIMIT 0, 10

ANALYSIS:
+----+-------------+----------------------+--------+------------------------------------------------------------+-----------------------------------------------+---------+--------------------------------------------------------+------+---------------------------------------------------------------------+
| id | select_type | table                | type   | possible_keys                                              | key                                           | key_len | ref                                                    | rows | Extra                                                               |
+----+-------------+----------------------+--------+------------------------------------------------------------+-----------------------------------------------+---------+--------------------------------------------------------+------+---------------------------------------------------------------------+
|  1 | SIMPLE      | a1                   | range  | ezcontentobject_attribute_co_id_ver_lang_code,sort_key_int | sort_key_int                                  |       4 |                                                        |  830 | Using index condition; Using where; Using temporary; Using filesort |
+----+-------------+----------------------+--------+------------------------------------------------------------+-----------------------------------------------+---------+--------------------------------------------------------+------+---------------------------------------------------------------------+
|  1 | SIMPLE      | ezcontentobject_tree | ref    | ezcontentobject_tree_co_id,ezcontentobject_tree_p_node_id  | ezcontentobject_tree_co_id                    |       5 | ezecosystem.a1.contentobject_id                        |    1 | Using where                                                         |
+----+-------------+----------------------+--------+------------------------------------------------------------+-----------------------------------------------+---------+--------------------------------------------------------+------+---------------------------------------------------------------------+
|  1 | SIMPLE      | ezcontentobject      | eq_ref | PRIMARY,ezcontentobject_classid                            | PRIMARY                                       |       4 | ezecosystem.a1.contentobject_id                        |    1 | Using where                                                         |
+----+-------------+----------------------+--------+------------------------------------------------------------+-----------------------------------------------+---------+--------------------------------------------------------+------+---------------------------------------------------------------------+
|  1 | SIMPLE      | ezcontentclass       | eq_ref | PRIMARY,ezcontentclass_version                             | PRIMARY                                       |       8 | ezecosystem.ezcontentobject.contentclass_id,const      |    1 |                                                                     |
+----+-------------+----------------------+--------+------------------------------------------------------------+-----------------------------------------------+---------+--------------------------------------------------------+------+---------------------------------------------------------------------+
|  1 | SIMPLE      | ezcontentobject_name | ref    | PRIMARY,ezcontentobject_name_cov_id                        | ezcontentobject_name_cov_id                   |       4 | ezecosystem.a1.version                                 |   19 | Using where                                                         |
+----+-------------+----------------------+--------+------------------------------------------------------------+-----------------------------------------------+---------+--------------------------------------------------------+------+---------------------------------------------------------------------+
|  1 | SIMPLE      | a0                   | ref    | ezcontentobject_attribute_co_id_ver_lang_code              | ezcontentobject_attribute_co_id_ver_lang_code |       8 | ezecosystem.a1.contentobject_id,ezecosystem.a1.version |  308 | Using where                                                         |
+----+-------------+----------------------+--------+------------------------------------------------------------+-----------------------------------------------+---------+--------------------------------------------------------+------+---------------------------------------------------------------------+
|  1 | SIMPLE      | a2                   | ref    | ezcontentobject_attribute_co_id_ver_lang_code,sort_key_int | ezcontentobject_attribute_co_id_ver_lang_code |       8 | ezecosystem.a1.contentobject_id,ezecosystem.a1.version |  308 | Using where; Distinct                                               |
+----+-------------+----------------------+--------+------------------------------------------------------------+-----------------------------------------------+---------+--------------------------------------------------------+------+---------------------------------------------------------------------+

[ Aug 23 2014 06:54:45 ] [66.249.79.157] eZMySQLiDB[mysql.ctyme.com via TCP/IP]::query(0 rows, 130.276 ms) query number per page:2:
EXPLAIN
SELECT ezkeyword.keyword, count(ezkeyword.keyword) AS keyword_count
                                        FROM ezkeyword , ezkeyword_attribute_link
                                        LEFT JOIN ezcontentobject_attribute
                                            ON ezkeyword_attribute_link.objectattribute_id = ezcontentobject_attribute.id
                                        LEFT JOIN ezcontentobject
                                            ON ezcontentobject_attribute.contentobject_id = ezcontentobject.id
                                        LEFT JOIN ezcontentobject_tree
                                            ON ezcontentobject_attribute.contentobject_id = ezcontentobject_tree.contentobject_id
                                        WHERE ezkeyword.id = ezkeyword_attribute_link.keyword_id
                                            AND ezcontentobject.status = 1
                                            AND ezcontentobject_attribute.version = ezcontentobject.current_version
                                            AND ezcontentobject_tree.main_node_id = ezcontentobject_tree.node_id
                                            AND ezcontentobject_tree.path_string like '/1/2/216/4440/%'
                                            AND ezcontentobject_tree.node_id != 4440
                                            AND ezcontentobject.contentclass_id = '20'
                                            AND ezcontentobject_tree.is_invisible = 0
                                             AND ((ezcontentobject.section_id in (1)) OR (ezcontentobject.contentclass_id in (29, 30, 32, 33, 34, 42) AND ezcontentobject.section_id in (3))) 
                                            AND 
 ezcontentobject.language_mask & 3 > 0 
AND 
 ezcontentobject_attribute.language_id & 3 > 0 

                                        GROUP BY ezkeyword.id, ezkeyword.keyword
                                        ORDER BY ezkeyword.keyword ASC

ANALYSIS:
+----+-------------+---------------------------+--------+---------------------------------------------------------------------------------------+------------------------------+---------+-----------------------------------------------------------------------------------------------------+------+---------------------------------------------------------------------+
| id | select_type | table                     | type   | possible_keys                                                                         | key                          | key_len | ref                                                                                                 | rows | Extra                                                               |
+----+-------------+---------------------------+--------+---------------------------------------------------------------------------------------+------------------------------+---------+-----------------------------------------------------------------------------------------------------+------+---------------------------------------------------------------------+
|  1 | SIMPLE      | ezcontentobject_tree      | range  | PRIMARY,ezcontentobject_tree_co_id,ezcontentobject_tree_path                          | ezcontentobject_tree_path    |     767 |                                                                                                     |   85 | Using index condition; Using where; Using temporary; Using filesort |
+----+-------------+---------------------------+--------+---------------------------------------------------------------------------------------+------------------------------+---------+-----------------------------------------------------------------------------------------------------+------+---------------------------------------------------------------------+
|  1 | SIMPLE      | ezcontentobject           | eq_ref | PRIMARY,ezcontentobject_classid,ezcontentobject_currentversion,ezcontentobject_status | PRIMARY                      |       4 | ezecosystem.ezcontentobject_tree.contentobject_id                                                   |    1 | Using where                                                         |
+----+-------------+---------------------------+--------+---------------------------------------------------------------------------------------+------------------------------+---------+-----------------------------------------------------------------------------------------------------+------+---------------------------------------------------------------------+
|  1 | SIMPLE      | ezkeyword_attribute_link  | index  | ezkeyword_attr_link_kid_oaid,ezkeyword_attr_link_oaid                                 | ezkeyword_attr_link_kid_oaid |       8 |                                                                                                     | 2059 | Using index; Using join buffer (flat, BNL join)                     |
+----+-------------+---------------------------+--------+---------------------------------------------------------------------------------------+------------------------------+---------+-----------------------------------------------------------------------------------------------------+------+---------------------------------------------------------------------+
|  1 | SIMPLE      | ezkeyword                 | eq_ref | PRIMARY                                                                               | PRIMARY                      |       4 | ezecosystem.ezkeyword_attribute_link.keyword_id                                                     |    1 |                                                                     |
+----+-------------+---------------------------+--------+---------------------------------------------------------------------------------------+------------------------------+---------+-----------------------------------------------------------------------------------------------------+------+---------------------------------------------------------------------+
|  1 | SIMPLE      | ezcontentobject_attribute | eq_ref | PRIMARY,ezcontentobject_attribute_co_id_ver_lang_code                                 | PRIMARY                      |       8 | ezecosystem.ezkeyword_attribute_link.objectattribute_id,ezecosystem.ezcontentobject.current_version |    1 | Using where                                                         |
+----+-------------+---------------------------+--------+---------------------------------------------------------------------------------------+------------------------------+---------+-----------------------------------------------------------------------------------------------------+------+---------------------------------------------------------------------+

[ Aug 23 2014 06:54:45 ] [66.249.79.157] eZMySQLiDB[mysql.ctyme.com via TCP/IP]::query(15 rows, 169.973 ms) query number per page:3:
EXPLAIN
SELECT DISTINCT ezcontentobject.contentclass_id, ezcontentobject.current_version, ezcontentobject.id, ezcontentobject.initial_language_id, ezcontentobject.language_mask, ezcontentobject.modified, ezcontentobject.owner_id, ezcontentobject.published, ezcontentobject.remote_id AS object_remote_id, ezcontentobject.section_id, ezcontentobject.status, ezcontentobject_tree.contentobject_is_published, ezcontentobject_tree.contentobject_version, ezcontentobject_tree.depth, ezcontentobject_tree.is_hidden, ezcontentobject_tree.is_invisible, ezcontentobject_tree.main_node_id, ezcontentobject_tree.modified_subnode, ezcontentobject_tree.node_id, ezcontentobject_tree.parent_node_id, ezcontentobject_tree.path_identification_string, ezcontentobject_tree.path_string, ezcontentobject_tree.priority, ezcontentobject_tree.remote_id, ezcontentobject_tree.sort_field, ezcontentobject_tree.sort_order, ezcontentclass.serialized_name_list as class_serialized_name_list, ezcontentclass.identifier as class_identifier, ezcontentclass.is_container as is_container , ezcontentobject_name.name, ezcontentobject_name.real_translation , a0.sort_key_int  FROM ezcontentobject_tree INNER JOIN ezcontentobject ON (ezcontentobject_tree.contentobject_id = ezcontentobject.id) INNER JOIN ezcontentclass ON (ezcontentclass.version = 0 AND ezcontentclass.id = ezcontentobject.contentclass_id) INNER JOIN ezcontentobject_name ON (     ezcontentobject_tree.contentobject_id = ezcontentobject_name.contentobject_id AND     ezcontentobject_tree.contentobject_version = ezcontentobject_name.content_version )  INNER JOIN ezcontentobject_attribute a0 ON (
                                   a0.contentobject_id = ezcontentobject.id AND
                                   a0.contentclassattribute_id = 216 AND
                                   a0.version = ezcontentobject_name.content_version AND
 ( a0.language_id & ezcontentobject.language_mask > 0 AND
     ( (   ezcontentobject.language_mask - ( ezcontentobject.language_mask & a0.language_id ) ) & 1 )
   + ( ( ( ezcontentobject.language_mask - ( ezcontentobject.language_mask & a0.language_id ) ) & 2 ) )
   <
     ( a0.language_id & 1 )
   + ( ( a0.language_id & 2 ) )
 ) 
)  INNER JOIN ezcontentobject_attribute a1 ON (a1.contentobject_id = ezcontentobject.id)    WHERE ezcontentobject_tree.parent_node_id = 4440 and   
                                  a1.contentobject_id = ezcontentobject.id AND
                                  a1.contentclassattribute_id = 216 AND
                                  a1.version = ezcontentobject_name.content_version AND 
 ( a1.language_id & ezcontentobject.language_mask > 0 AND
     ( (   ezcontentobject.language_mask - ( ezcontentobject.language_mask & a1.language_id ) ) & 1 )
   + ( ( ( ezcontentobject.language_mask - ( ezcontentobject.language_mask & a1.language_id ) ) & 2 ) )
   <
     ( a1.language_id & 1 )
   + ( ( a1.language_id & 2 ) )
 ) 
 AND                             ( a1.sort_key_int BETWEEN 1406869201 AND 1409547599  ) AND   ezcontentobject_tree.node_id = ezcontentobject_tree.main_node_id AND    ezcontentobject.contentclass_id  IN  ( 20 ) AND 
 ( ezcontentobject_name.language_id & ezcontentobject.language_mask > 0 AND
     ( (   ezcontentobject.language_mask - ( ezcontentobject.language_mask & ezcontentobject_name.language_id ) ) & 1 )
   + ( ( ( ezcontentobject.language_mask - ( ezcontentobject.language_mask & ezcontentobject_name.language_id ) ) & 2 ) )
   <
     ( ezcontentobject_name.language_id & 1 )
   + ( ( ezcontentobject_name.language_id & 2 ) )
 ) 
 AND ezcontentobject_tree.is_invisible = 0  AND ((ezcontentobject.section_id in (1)) OR (ezcontentobject.contentclass_id in (29, 30, 32, 33, 34, 42) AND ezcontentobject.section_id in (3)))   AND 
 ezcontentobject.language_mask & 3 > 0 
  ORDER BY a0.sort_key_int ASC

ANALYSIS:
+----+-------------+----------------------+--------+------------------------------------------------------------+-----------------------------------------------+---------+--------------------------------------------------------+------+------------------------------------+
| id | select_type | table                | type   | possible_keys                                              | key                                           | key_len | ref                                                    | rows | Extra                              |
+----+-------------+----------------------+--------+------------------------------------------------------------+-----------------------------------------------+---------+--------------------------------------------------------+------+------------------------------------+
|  1 | SIMPLE      | ezcontentclass       | const  | PRIMARY,ezcontentclass_version                             | PRIMARY                                       |       8 | const,const                                            |    1 | Using temporary; Using filesort    |
+----+-------------+----------------------+--------+------------------------------------------------------------+-----------------------------------------------+---------+--------------------------------------------------------+------+------------------------------------+
|  1 | SIMPLE      | a1                   | range  | ezcontentobject_attribute_co_id_ver_lang_code,sort_key_int | sort_key_int                                  |       4 |                                                        | 1386 | Using index condition; Using where |
+----+-------------+----------------------+--------+------------------------------------------------------------+-----------------------------------------------+---------+--------------------------------------------------------+------+------------------------------------+
|  1 | SIMPLE      | ezcontentobject_tree | ref    | ezcontentobject_tree_co_id,ezcontentobject_tree_p_node_id  | ezcontentobject_tree_co_id                    |       5 | ezecosystem.a1.contentobject_id                        |    1 | Using where                        |
+----+-------------+----------------------+--------+------------------------------------------------------------+-----------------------------------------------+---------+--------------------------------------------------------+------+------------------------------------+
|  1 | SIMPLE      | ezcontentobject      | eq_ref | PRIMARY,ezcontentobject_classid                            | PRIMARY                                       |       4 | ezecosystem.a1.contentobject_id                        |    1 | Using where                        |
+----+-------------+----------------------+--------+------------------------------------------------------------+-----------------------------------------------+---------+--------------------------------------------------------+------+------------------------------------+
|  1 | SIMPLE      | ezcontentobject_name | ref    | PRIMARY,ezcontentobject_name_cov_id                        | ezcontentobject_name_cov_id                   |       4 | ezecosystem.a1.version                                 |   19 | Using where                        |
+----+-------------+----------------------+--------+------------------------------------------------------------+-----------------------------------------------+---------+--------------------------------------------------------+------+------------------------------------+
|  1 | SIMPLE      | a0                   | ref    | ezcontentobject_attribute_co_id_ver_lang_code              | ezcontentobject_attribute_co_id_ver_lang_code |       8 | ezecosystem.a1.contentobject_id,ezecosystem.a1.version |  308 | Using where                        |
+----+-------------+----------------------+--------+------------------------------------------------------------+-----------------------------------------------+---------+--------------------------------------------------------+------+------------------------------------+

